2024-11-04 10:46:58,069 - veronika | py | File | Gbpractic
2024-11-04 10:47:43,372 - __pycache__ | N/A | Directory | q4PythonFinal
2024-11-04 10:49:21,244 - __pycache__ | N/A | Directory | q4PythonFinal
2024-11-04 10:50:55,124 - C:\Users\User\PycharmProjects\Gbpractic\q4PythonFinal\.git
2024-11-04 10:50:55,124 - C:\Users\User\PycharmProjects\Gbpractic\q4PythonFinal\debug_info.log
2024-11-04 10:50:55,124 - C:\Users\User\PycharmProjects\Gbpractic\q4PythonFinal\directory_contents.log
2024-11-04 10:50:55,124 - C:\Users\User\PycharmProjects\Gbpractic\q4PythonFinal\ex1.py
2024-11-04 10:50:55,125 - C:\Users\User\PycharmProjects\Gbpractic\q4PythonFinal\ex2.py
2024-11-04 10:50:55,125 - C:\Users\User\PycharmProjects\Gbpractic\q4PythonFinal\ex3.py
2024-11-04 10:50:55,125 - C:\Users\User\PycharmProjects\Gbpractic\q4PythonFinal\ex4.py
2024-11-04 10:50:55,125 - C:\Users\User\PycharmProjects\Gbpractic\q4PythonFinal\ex5.py
2024-11-04 10:50:55,125 - C:\Users\User\PycharmProjects\Gbpractic\q4PythonFinal\warnings_errors.log
2024-11-04 10:50:55,125 - C:\Users\User\PycharmProjects\Gbpractic\q4PythonFinal\__pycache__
2024-11-04 10:50:55,125 - __pycache__ | N/A | Directory | q4PythonFinal
2024-11-04 10:55:09,046 - C:\Users\User\PycharmProjects\Gbpractic\q4PythonFinal\.git
2024-11-04 10:55:09,047 - .git | N/A | Directory | q4PythonFinal
2024-11-04 10:55:09,047 - C:\Users\User\PycharmProjects\Gbpractic\q4PythonFinal\debug_info.log
2024-11-04 10:55:09,047 - debug_info | log | File | q4PythonFinal
2024-11-04 10:55:09,047 - C:\Users\User\PycharmProjects\Gbpractic\q4PythonFinal\directory_contents.log
2024-11-04 10:55:09,047 - directory_contents | log | File | q4PythonFinal
2024-11-04 10:55:09,047 - C:\Users\User\PycharmProjects\Gbpractic\q4PythonFinal\ex1.py
2024-11-04 10:55:09,047 - ex1 | py | File | q4PythonFinal
2024-11-04 10:55:09,047 - C:\Users\User\PycharmProjects\Gbpractic\q4PythonFinal\ex2.py
2024-11-04 10:55:09,047 - ex2 | py | File | q4PythonFinal
2024-11-04 10:55:09,047 - C:\Users\User\PycharmProjects\Gbpractic\q4PythonFinal\ex3.py
2024-11-04 10:55:09,047 - ex3 | py | File | q4PythonFinal
2024-11-04 10:55:09,047 - C:\Users\User\PycharmProjects\Gbpractic\q4PythonFinal\ex4.py
2024-11-04 10:55:09,047 - ex4 | py | File | q4PythonFinal
2024-11-04 10:55:09,047 - C:\Users\User\PycharmProjects\Gbpractic\q4PythonFinal\ex5.py
2024-11-04 10:55:09,048 - ex5 | py | File | q4PythonFinal
2024-11-04 10:55:09,048 - C:\Users\User\PycharmProjects\Gbpractic\q4PythonFinal\warnings_errors.log
2024-11-04 10:55:09,048 - warnings_errors | log | File | q4PythonFinal
2024-11-04 10:55:09,048 - C:\Users\User\PycharmProjects\Gbpractic\q4PythonFinal\__pycache__
2024-11-04 10:55:09,048 - __pycache__ | N/A | Directory | q4PythonFinal
2024-11-04 11:00:54,553 - C:\Users\User\PycharmProjects\Gbpractic\q4PythonFinal\.git
2024-11-04 11:00:54,553 - .git | N/A | Directory | q4PythonFinal
2024-11-04 11:00:54,553 - C:\Users\User\PycharmProjects\Gbpractic\q4PythonFinal\debug_info.log
2024-11-04 11:00:54,554 - debug_info | log | File | q4PythonFinal
2024-11-04 11:00:54,554 - C:\Users\User\PycharmProjects\Gbpractic\q4PythonFinal\directory_contents.log
2024-11-04 11:00:54,554 - directory_contents | log | File | q4PythonFinal
2024-11-04 11:00:54,554 - C:\Users\User\PycharmProjects\Gbpractic\q4PythonFinal\ex1.py
2024-11-04 11:00:54,554 - ex1 | py | File | q4PythonFinal
2024-11-04 11:00:54,554 - C:\Users\User\PycharmProjects\Gbpractic\q4PythonFinal\ex2.py
2024-11-04 11:00:54,554 - ex2 | py | File | q4PythonFinal
2024-11-04 11:00:54,554 - C:\Users\User\PycharmProjects\Gbpractic\q4PythonFinal\ex3.py
2024-11-04 11:00:54,554 - ex3 | py | File | q4PythonFinal
2024-11-04 11:00:54,554 - C:\Users\User\PycharmProjects\Gbpractic\q4PythonFinal\ex4.py
2024-11-04 11:00:54,554 - ex4 | py | File | q4PythonFinal
2024-11-04 11:00:54,554 - C:\Users\User\PycharmProjects\Gbpractic\q4PythonFinal\ex5.py
2024-11-04 11:00:54,554 - ex5 | py | File | q4PythonFinal
2024-11-04 11:00:54,555 - C:\Users\User\PycharmProjects\Gbpractic\q4PythonFinal\warnings.log
2024-11-04 11:00:54,555 - warnings | log | File | q4PythonFinal
2024-11-04 11:00:54,555 - C:\Users\User\PycharmProjects\Gbpractic\q4PythonFinal\warnings_errors.log
2024-11-04 11:00:54,555 - warnings_errors | log | File | q4PythonFinal
2024-11-04 11:00:54,555 - C:\Users\User\PycharmProjects\Gbpractic\q4PythonFinal\__pycache__
2024-11-04 11:00:54,555 - __pycache__ | N/A | Directory | q4PythonFinal
2024-11-04 11:02:01,899 - C:\Users\User\PycharmProjects\Gbpractic\q4PythonFinal\.git
2024-11-04 11:02:01,899 - .git | N/A | Directory | q4PythonFinal
2024-11-04 11:02:01,899 - C:\Users\User\PycharmProjects\Gbpractic\q4PythonFinal\debug_info.log
2024-11-04 11:02:01,899 - debug_info | log | File | q4PythonFinal
2024-11-04 11:02:01,899 - C:\Users\User\PycharmProjects\Gbpractic\q4PythonFinal\directory_contents.log
2024-11-04 11:02:01,899 - directory_contents | log | File | q4PythonFinal
2024-11-04 11:02:01,899 - C:\Users\User\PycharmProjects\Gbpractic\q4PythonFinal\ex1.py
2024-11-04 11:02:01,900 - ex1 | py | File | q4PythonFinal
2024-11-04 11:02:01,900 - C:\Users\User\PycharmProjects\Gbpractic\q4PythonFinal\ex2.py
2024-11-04 11:02:01,900 - ex2 | py | File | q4PythonFinal
2024-11-04 11:02:01,900 - C:\Users\User\PycharmProjects\Gbpractic\q4PythonFinal\ex3.py
2024-11-04 11:02:01,900 - ex3 | py | File | q4PythonFinal
2024-11-04 11:02:01,900 - C:\Users\User\PycharmProjects\Gbpractic\q4PythonFinal\ex4.py
2024-11-04 11:02:01,900 - ex4 | py | File | q4PythonFinal
2024-11-04 11:02:01,900 - C:\Users\User\PycharmProjects\Gbpractic\q4PythonFinal\ex5.py
2024-11-04 11:02:01,900 - ex5 | py | File | q4PythonFinal
2024-11-04 11:02:01,901 - C:\Users\User\PycharmProjects\Gbpractic\q4PythonFinal\warnings.log
2024-11-04 11:02:01,901 - warnings | log | File | q4PythonFinal
2024-11-04 11:02:01,901 - C:\Users\User\PycharmProjects\Gbpractic\q4PythonFinal\warnings_errors.log
2024-11-04 11:02:01,901 - warnings_errors | log | File | q4PythonFinal
2024-11-04 11:02:01,901 - C:\Users\User\PycharmProjects\Gbpractic\q4PythonFinal\__pycache__
2024-11-04 11:02:01,901 - __pycache__ | N/A | Directory | q4PythonFinal
